<?xml version="1.0" encoding="UTF-8"?>
<!-- Generated by org.testng.reporters.JUnitXMLReporter -->
<testsuite hostname="LAPTOP-8AVHT2GH" name="Free CRM App Test Cases" tests="3" failures="0" timestamp="22 Aug 2020 01:38:19 GMT" time="75.835" errors="0">
  <testcase name="LoginTest" time="3.655" classname="com.crm.qa.testcases.LoginPageTest"/>
  <testcase name="verifyPageTitleTest" time="0.263" classname="com.crm.qa.testcases.HomepageTest"/>
  <testcase name="ClickonContactsLink" time="6.074" classname="com.crm.qa.testcases.HomepageTest"/>
</testsuite> <!-- Free CRM App Test Cases -->
