<?xml version="1.0" encoding="UTF-8"?>
<!-- Generated by org.testng.reporters.JUnitXMLReporter -->
<testsuite hostname="LAPTOP-8AVHT2GH" name="Surefire test" tests="3" failures="0" timestamp="22 Aug 2020 18:03:44 GMT" time="55.08" errors="0">
  <testcase name="verifyPageTitleTest" time="0.107" classname="com.crm.qa.testcases.HomepageTest"/>
  <testcase name="ClickonContactsLink" time="2.167" classname="com.crm.qa.testcases.HomepageTest"/>
  <testcase name="LoginTest" time="5.424" classname="com.crm.qa.testcases.LoginPageTest"/>
</testsuite> <!-- Surefire test -->
