<?xml version="1.0" encoding="UTF-8"?>
<testng-results skipped="0" failed="0" total="3" passed="3">
  <reporter-output>
  </reporter-output>
  <suite name="Surefire suite" duration-ms="55080" started-at="2020-08-22T18:02:49Z" finished-at="2020-08-22T18:03:44Z">
    <groups>
    </groups>
    <test name="Surefire test" duration-ms="55080" started-at="2020-08-22T18:02:49Z" finished-at="2020-08-22T18:03:44Z">
      <class name="com.crm.qa.testcases.LoginPageTest">
        <test-method status="PASS" signature="setUp()[pri:0, instance:com.crm.qa.testcases.LoginPageTest@17550481]" name="setUp" is-config="true" duration-ms="9969" started-at="2020-08-22T14:03:28Z" finished-at="2020-08-22T14:03:38Z">
          <reporter-output>
          </reporter-output>
        </test-method> <!-- setUp -->
        <test-method status="PASS" signature="LoginTest()[pri:0, instance:com.crm.qa.testcases.LoginPageTest@17550481]" name="LoginTest" duration-ms="5424" started-at="2020-08-22T14:03:38Z" finished-at="2020-08-22T14:03:43Z">
          <reporter-output>
          </reporter-output>
        </test-method> <!-- LoginTest -->
        <test-method status="PASS" signature="tearDown()[pri:0, instance:com.crm.qa.testcases.LoginPageTest@17550481]" name="tearDown" is-config="true" duration-ms="402" started-at="2020-08-22T14:03:43Z" finished-at="2020-08-22T14:03:44Z">
          <reporter-output>
          </reporter-output>
        </test-method> <!-- tearDown -->
      </class> <!-- com.crm.qa.testcases.LoginPageTest -->
      <class name="com.crm.qa.testcases.HomepageTest">
        <test-method status="PASS" signature="Setup()[pri:0, instance:com.crm.qa.testcases.HomepageTest@783e6358]" name="Setup" is-config="true" duration-ms="16437" started-at="2020-08-22T14:02:49Z" finished-at="2020-08-22T14:03:05Z">
          <reporter-output>
          </reporter-output>
        </test-method> <!-- Setup -->
        <test-method status="PASS" signature="verifyPageTitleTest()[pri:1, instance:com.crm.qa.testcases.HomepageTest@783e6358]" name="verifyPageTitleTest" duration-ms="107" started-at="2020-08-22T14:03:05Z" finished-at="2020-08-22T14:03:05Z">
          <reporter-output>
          </reporter-output>
        </test-method> <!-- verifyPageTitleTest -->
        <test-method status="PASS" signature="tearDown()[pri:0, instance:com.crm.qa.testcases.HomepageTest@783e6358]" name="tearDown" is-config="true" duration-ms="588" started-at="2020-08-22T14:03:05Z" finished-at="2020-08-22T14:03:06Z">
          <reporter-output>
          </reporter-output>
        </test-method> <!-- tearDown -->
        <test-method status="PASS" signature="Setup()[pri:0, instance:com.crm.qa.testcases.HomepageTest@783e6358]" name="Setup" is-config="true" duration-ms="15640" started-at="2020-08-22T14:03:06Z" finished-at="2020-08-22T14:03:21Z">
          <reporter-output>
          </reporter-output>
        </test-method> <!-- Setup -->
        <test-method status="PASS" signature="ClickonContactsLink()[pri:2, instance:com.crm.qa.testcases.HomepageTest@783e6358]" name="ClickonContactsLink" duration-ms="2167" started-at="2020-08-22T14:03:21Z" finished-at="2020-08-22T14:03:24Z">
          <reporter-output>
          </reporter-output>
        </test-method> <!-- ClickonContactsLink -->
        <test-method status="PASS" signature="tearDown()[pri:0, instance:com.crm.qa.testcases.HomepageTest@783e6358]" name="tearDown" is-config="true" duration-ms="4331" started-at="2020-08-22T14:03:24Z" finished-at="2020-08-22T14:03:28Z">
          <reporter-output>
          </reporter-output>
        </test-method> <!-- tearDown -->
      </class> <!-- com.crm.qa.testcases.HomepageTest -->
    </test> <!-- Surefire test -->
  </suite> <!-- Surefire suite -->
</testng-results>
