<?xml version="1.0" encoding="UTF-8"?>
<testng-results skipped="0" failed="0" total="3" passed="3">
  <reporter-output>
  </reporter-output>
  <suite name="FREE CRM Application Test Automation Test Suite" duration-ms="75835" started-at="2020-08-22T01:37:04Z" finished-at="2020-08-22T01:38:19Z">
    <groups>
    </groups>
    <test name="Free CRM App Test Cases" duration-ms="75835" started-at="2020-08-22T01:37:04Z" finished-at="2020-08-22T01:38:19Z">
      <class name="com.crm.qa.testcases.LoginPageTest">
        <test-method status="PASS" signature="setUp()[pri:0, instance:com.crm.qa.testcases.LoginPageTest@675d3402]" name="setUp" is-config="true" duration-ms="19484" started-at="2020-08-21T21:37:04Z" finished-at="2020-08-21T21:37:23Z">
          <reporter-output>
          </reporter-output>
        </test-method> <!-- setUp -->
        <test-method status="PASS" signature="LoginTest()[pri:0, instance:com.crm.qa.testcases.LoginPageTest@675d3402]" name="LoginTest" duration-ms="3655" started-at="2020-08-21T21:37:23Z" finished-at="2020-08-21T21:37:27Z">
          <reporter-output>
          </reporter-output>
        </test-method> <!-- LoginTest -->
        <test-method status="PASS" signature="tearDown()[pri:0, instance:com.crm.qa.testcases.LoginPageTest@675d3402]" name="tearDown" is-config="true" duration-ms="987" started-at="2020-08-21T21:37:27Z" finished-at="2020-08-21T21:37:28Z">
          <reporter-output>
          </reporter-output>
        </test-method> <!-- tearDown -->
      </class> <!-- com.crm.qa.testcases.LoginPageTest -->
      <class name="com.crm.qa.testcases.HomepageTest">
        <test-method status="PASS" signature="Setup()[pri:0, instance:com.crm.qa.testcases.HomepageTest@51565ec2]" name="Setup" is-config="true" duration-ms="21819" started-at="2020-08-21T21:37:28Z" finished-at="2020-08-21T21:37:49Z">
          <reporter-output>
          </reporter-output>
        </test-method> <!-- Setup -->
        <test-method status="PASS" signature="verifyPageTitleTest()[pri:1, instance:com.crm.qa.testcases.HomepageTest@51565ec2]" name="verifyPageTitleTest" duration-ms="263" started-at="2020-08-21T21:37:49Z" finished-at="2020-08-21T21:37:50Z">
          <reporter-output>
          </reporter-output>
        </test-method> <!-- verifyPageTitleTest -->
        <test-method status="PASS" signature="tearDown()[pri:0, instance:com.crm.qa.testcases.HomepageTest@51565ec2]" name="tearDown" is-config="true" duration-ms="280" started-at="2020-08-21T21:37:50Z" finished-at="2020-08-21T21:37:50Z">
          <reporter-output>
          </reporter-output>
        </test-method> <!-- tearDown -->
        <test-method status="PASS" signature="Setup()[pri:0, instance:com.crm.qa.testcases.HomepageTest@51565ec2]" name="Setup" is-config="true" duration-ms="22339" started-at="2020-08-21T21:37:50Z" finished-at="2020-08-21T21:38:12Z">
          <reporter-output>
          </reporter-output>
        </test-method> <!-- Setup -->
        <test-method status="PASS" signature="ClickonContactsLink()[pri:2, instance:com.crm.qa.testcases.HomepageTest@51565ec2]" name="ClickonContactsLink" duration-ms="6074" started-at="2020-08-21T21:38:12Z" finished-at="2020-08-21T21:38:18Z">
          <reporter-output>
          </reporter-output>
        </test-method> <!-- ClickonContactsLink -->
        <test-method status="PASS" signature="tearDown()[pri:0, instance:com.crm.qa.testcases.HomepageTest@51565ec2]" name="tearDown" is-config="true" duration-ms="916" started-at="2020-08-21T21:38:18Z" finished-at="2020-08-21T21:38:19Z">
          <reporter-output>
          </reporter-output>
        </test-method> <!-- tearDown -->
      </class> <!-- com.crm.qa.testcases.HomepageTest -->
    </test> <!-- Free CRM App Test Cases -->
  </suite> <!-- FREE CRM Application Test Automation Test Suite -->
</testng-results>
